<?xml version="1.0" encoding="UTF-8"?>
<testng-results ignored="0" total="1" passed="1" failed="0" skipped="0">
  <reporter-output>
  </reporter-output>
  <suite started-at="2024-01-04T15:32:46 IST" name="Default suite" finished-at="2024-01-04T15:32:49 IST" duration-ms="2662">
    <groups>
    </groups>
    <test started-at="2024-01-04T15:32:46 IST" name="Default test" finished-at="2024-01-04T15:32:49 IST" duration-ms="2662">
      <class name="shopperstackAP.toCreateShopperAccount">
        <test-method signature="create_shoper()[pri:0, instance:shopperstackAP.toCreateShopperAccount@6340e5f0]" started-at="2024-01-04T15:32:46 IST" name="create_shoper" finished-at="2024-01-04T15:32:49 IST" duration-ms="2611" status="PASS">
          <reporter-output>
          </reporter-output>
        </test-method> <!-- create_shoper -->
      </class> <!-- shopperstackAP.toCreateShopperAccount -->
    </test> <!-- Default test -->
  </suite> <!-- Default suite -->
</testng-results>
